2021-01-05 12:35:05 INFO  org.reflections.Reflections:229 - Reflections took 103 ms to scan 1 urls, producing 17 keys and 275 values 
2021-01-05 12:35:05 INFO  org.reflections.Reflections:229 - Reflections took 12 ms to scan 1 urls, producing 7 keys and 41 values 
2021-01-05 12:35:05 INFO  org.reflections.Reflections:229 - Reflections took 13 ms to scan 1 urls, producing 5 keys and 32 values 
2021-01-05 12:35:19 INFO  org.reflections.Reflections:229 - Reflections took 83 ms to scan 1 urls, producing 17 keys and 275 values 
2021-01-05 12:35:19 INFO  org.reflections.Reflections:229 - Reflections took 20 ms to scan 1 urls, producing 7 keys and 41 values 
2021-01-05 12:35:19 INFO  org.reflections.Reflections:229 - Reflections took 8 ms to scan 1 urls, producing 5 keys and 32 values 
2021-01-05 12:35:33 INFO  org.reflections.Reflections:229 - Reflections took 79 ms to scan 1 urls, producing 17 keys and 275 values 
2021-01-05 12:35:33 INFO  org.reflections.Reflections:229 - Reflections took 12 ms to scan 1 urls, producing 7 keys and 41 values 
2021-01-05 12:35:33 INFO  org.reflections.Reflections:229 - Reflections took 11 ms to scan 1 urls, producing 5 keys and 32 values 
2021-01-05 12:36:06 INFO  org.reflections.Reflections:229 - Reflections took 99 ms to scan 1 urls, producing 17 keys and 275 values 
2021-01-05 12:36:06 INFO  org.reflections.Reflections:229 - Reflections took 14 ms to scan 1 urls, producing 7 keys and 41 values 
2021-01-05 12:36:06 INFO  org.reflections.Reflections:229 - Reflections took 9 ms to scan 1 urls, producing 5 keys and 32 values 
2021-01-05 12:36:26 INFO  org.reflections.Reflections:229 - Reflections took 91 ms to scan 1 urls, producing 17 keys and 275 values 
2021-01-05 12:36:26 INFO  org.reflections.Reflections:229 - Reflections took 12 ms to scan 1 urls, producing 7 keys and 41 values 
2021-01-05 12:36:26 INFO  org.reflections.Reflections:229 - Reflections took 10 ms to scan 1 urls, producing 5 keys and 32 values 
2021-01-05 12:36:41 INFO  org.reflections.Reflections:229 - Reflections took 81 ms to scan 1 urls, producing 17 keys and 275 values 
2021-01-05 12:36:41 INFO  org.reflections.Reflections:229 - Reflections took 19 ms to scan 1 urls, producing 7 keys and 41 values 
2021-01-05 12:36:41 INFO  org.reflections.Reflections:229 - Reflections took 13 ms to scan 1 urls, producing 5 keys and 32 values 
2021-01-05 12:36:46 INFO  edu.pitt.dbmi.causal.cmd.data.DataValidations:114 - Start data validation on file IST_corrected_processed.csv.
2021-01-05 12:36:46 INFO  edu.pitt.dbmi.causal.cmd.data.DataValidations:114 - End data validation on file IST_corrected_processed.csv.
2021-01-05 12:36:46 INFO  edu.pitt.dbmi.causal.cmd.data.DataValidations:78 - There are 13733 cases and 27 variables.
2021-01-05 12:36:46 INFO  edu.pitt.dbmi.causal.cmd.data.DataFiles:114 - Start reading in file IST_corrected_processed.csv.
2021-01-05 12:36:46 INFO  edu.pitt.dbmi.causal.cmd.data.DataFiles:114 - Finished reading in file IST_corrected_processed.csv.
2021-01-05 12:36:46 INFO  edu.pitt.dbmi.causal.cmd.data.DataFiles:114 - File IST_corrected_processed.csv contains 13733 cases, 27 variables.
2021-01-05 13:02:45 INFO  org.reflections.Reflections:229 - Reflections took 77 ms to scan 1 urls, producing 17 keys and 275 values 
2021-01-05 13:02:45 INFO  org.reflections.Reflections:229 - Reflections took 15 ms to scan 1 urls, producing 7 keys and 41 values 
2021-01-05 13:02:45 INFO  org.reflections.Reflections:229 - Reflections took 13 ms to scan 1 urls, producing 5 keys and 32 values 
2021-01-05 13:03:32 INFO  org.reflections.Reflections:229 - Reflections took 80 ms to scan 1 urls, producing 17 keys and 275 values 
2021-01-05 13:03:32 INFO  org.reflections.Reflections:229 - Reflections took 17 ms to scan 1 urls, producing 7 keys and 41 values 
2021-01-05 13:03:32 INFO  org.reflections.Reflections:229 - Reflections took 11 ms to scan 1 urls, producing 5 keys and 32 values 
2021-01-05 13:03:51 INFO  org.reflections.Reflections:229 - Reflections took 98 ms to scan 1 urls, producing 17 keys and 275 values 
2021-01-05 13:03:51 INFO  org.reflections.Reflections:229 - Reflections took 21 ms to scan 1 urls, producing 7 keys and 41 values 
2021-01-05 13:03:51 INFO  org.reflections.Reflections:229 - Reflections took 12 ms to scan 1 urls, producing 5 keys and 32 values 
2021-01-05 13:04:03 INFO  org.reflections.Reflections:229 - Reflections took 79 ms to scan 1 urls, producing 17 keys and 275 values 
2021-01-05 13:04:04 INFO  org.reflections.Reflections:229 - Reflections took 12 ms to scan 1 urls, producing 7 keys and 41 values 
2021-01-05 13:04:04 INFO  org.reflections.Reflections:229 - Reflections took 13 ms to scan 1 urls, producing 5 keys and 32 values 
2021-01-05 13:04:05 INFO  edu.pitt.dbmi.causal.cmd.data.DataValidations:114 - Start data validation on file IST_corrected_processed.csv.
2021-01-05 13:04:05 INFO  edu.pitt.dbmi.causal.cmd.data.DataValidations:114 - End data validation on file IST_corrected_processed.csv.
2021-01-05 13:04:05 INFO  edu.pitt.dbmi.causal.cmd.data.DataValidations:78 - There are 13733 cases and 27 variables.
2021-01-05 13:04:05 INFO  edu.pitt.dbmi.causal.cmd.data.DataFiles:114 - Start reading in file IST_corrected_processed.csv.
2021-01-05 13:04:06 INFO  edu.pitt.dbmi.causal.cmd.data.DataFiles:114 - Finished reading in file IST_corrected_processed.csv.
2021-01-05 13:04:06 INFO  edu.pitt.dbmi.causal.cmd.data.DataFiles:114 - File IST_corrected_processed.csv contains 13733 cases, 27 variables.
2021-01-05 16:48:02 INFO  org.reflections.Reflections:229 - Reflections took 82 ms to scan 1 urls, producing 17 keys and 275 values 
2021-01-05 16:48:02 INFO  org.reflections.Reflections:229 - Reflections took 20 ms to scan 1 urls, producing 7 keys and 41 values 
2021-01-05 16:48:02 INFO  org.reflections.Reflections:229 - Reflections took 12 ms to scan 1 urls, producing 5 keys and 32 values 
2021-01-05 16:48:12 INFO  org.reflections.Reflections:229 - Reflections took 88 ms to scan 1 urls, producing 17 keys and 275 values 
2021-01-05 16:48:12 INFO  org.reflections.Reflections:229 - Reflections took 11 ms to scan 1 urls, producing 7 keys and 41 values 
2021-01-05 16:48:12 INFO  org.reflections.Reflections:229 - Reflections took 10 ms to scan 1 urls, producing 5 keys and 32 values 
2021-01-05 16:48:19 INFO  org.reflections.Reflections:229 - Reflections took 85 ms to scan 1 urls, producing 17 keys and 275 values 
2021-01-05 16:48:19 INFO  org.reflections.Reflections:229 - Reflections took 18 ms to scan 1 urls, producing 7 keys and 41 values 
2021-01-05 16:48:19 INFO  org.reflections.Reflections:229 - Reflections took 14 ms to scan 1 urls, producing 5 keys and 32 values 
2021-01-05 16:48:52 INFO  org.reflections.Reflections:229 - Reflections took 78 ms to scan 1 urls, producing 17 keys and 275 values 
2021-01-05 16:48:53 INFO  org.reflections.Reflections:229 - Reflections took 11 ms to scan 1 urls, producing 7 keys and 41 values 
2021-01-05 16:48:53 INFO  org.reflections.Reflections:229 - Reflections took 16 ms to scan 1 urls, producing 5 keys and 32 values 
2021-01-05 16:49:06 INFO  org.reflections.Reflections:229 - Reflections took 81 ms to scan 1 urls, producing 17 keys and 275 values 
2021-01-05 16:49:06 INFO  org.reflections.Reflections:229 - Reflections took 17 ms to scan 1 urls, producing 7 keys and 41 values 
2021-01-05 16:49:06 INFO  org.reflections.Reflections:229 - Reflections took 11 ms to scan 1 urls, producing 5 keys and 32 values 
2021-01-05 16:51:47 INFO  org.reflections.Reflections:229 - Reflections took 79 ms to scan 1 urls, producing 17 keys and 275 values 
2021-01-05 16:51:47 INFO  org.reflections.Reflections:229 - Reflections took 14 ms to scan 1 urls, producing 7 keys and 41 values 
2021-01-05 16:51:47 INFO  org.reflections.Reflections:229 - Reflections took 12 ms to scan 1 urls, producing 5 keys and 32 values 
2021-01-05 16:53:08 INFO  org.reflections.Reflections:229 - Reflections took 80 ms to scan 1 urls, producing 17 keys and 275 values 
2021-01-05 16:53:08 INFO  org.reflections.Reflections:229 - Reflections took 13 ms to scan 1 urls, producing 7 keys and 41 values 
2021-01-05 16:53:08 INFO  org.reflections.Reflections:229 - Reflections took 17 ms to scan 1 urls, producing 5 keys and 32 values 
2021-01-05 16:53:10 INFO  edu.pitt.dbmi.causal.cmd.data.DataValidations:114 - Start data validation on file IST_corrected_processed.csv.
2021-01-05 16:53:10 INFO  edu.pitt.dbmi.causal.cmd.data.DataValidations:114 - End data validation on file IST_corrected_processed.csv.
2021-01-05 16:53:10 INFO  edu.pitt.dbmi.causal.cmd.data.DataValidations:78 - There are 13733 cases and 27 variables.
2021-01-05 16:53:10 INFO  edu.pitt.dbmi.causal.cmd.data.DataFiles:114 - Start reading in file IST_corrected_processed.csv.
2021-01-05 16:53:10 INFO  edu.pitt.dbmi.causal.cmd.data.DataFiles:114 - Finished reading in file IST_corrected_processed.csv.
2021-01-05 16:53:10 INFO  edu.pitt.dbmi.causal.cmd.data.DataFiles:114 - File IST_corrected_processed.csv contains 13733 cases, 27 variables.
2021-01-05 16:59:38 INFO  org.reflections.Reflections:229 - Reflections took 93 ms to scan 1 urls, producing 17 keys and 275 values 
2021-01-05 16:59:38 INFO  org.reflections.Reflections:229 - Reflections took 11 ms to scan 1 urls, producing 7 keys and 41 values 
2021-01-05 16:59:38 INFO  org.reflections.Reflections:229 - Reflections took 15 ms to scan 1 urls, producing 5 keys and 32 values 
2021-01-05 17:00:48 INFO  org.reflections.Reflections:229 - Reflections took 84 ms to scan 1 urls, producing 17 keys and 275 values 
2021-01-05 17:00:48 INFO  org.reflections.Reflections:229 - Reflections took 12 ms to scan 1 urls, producing 7 keys and 41 values 
2021-01-05 17:00:48 INFO  org.reflections.Reflections:229 - Reflections took 11 ms to scan 1 urls, producing 5 keys and 32 values 
2021-01-05 17:01:01 INFO  org.reflections.Reflections:229 - Reflections took 78 ms to scan 1 urls, producing 17 keys and 275 values 
2021-01-05 17:01:01 INFO  org.reflections.Reflections:229 - Reflections took 10 ms to scan 1 urls, producing 7 keys and 41 values 
2021-01-05 17:01:01 INFO  org.reflections.Reflections:229 - Reflections took 11 ms to scan 1 urls, producing 5 keys and 32 values 
2021-01-05 17:01:03 INFO  edu.pitt.dbmi.causal.cmd.data.DataFiles:114 - Start reading in file varfile.txt.
2021-01-05 17:01:03 INFO  edu.pitt.dbmi.causal.cmd.data.DataFiles:114 - Finished reading in file varfile.txt.
2021-01-05 17:01:03 INFO  edu.pitt.dbmi.causal.cmd.data.DataValidations:114 - Start data validation on file IST_corrected_processed.csv.
2021-01-05 17:01:03 INFO  edu.pitt.dbmi.causal.cmd.data.DataValidations:114 - End data validation on file IST_corrected_processed.csv.
2021-01-05 17:01:03 INFO  edu.pitt.dbmi.causal.cmd.data.DataValidations:78 - There are 13733 cases and 27 variables.
2021-01-05 17:01:03 INFO  edu.pitt.dbmi.causal.cmd.data.DataFiles:114 - Start reading in file varfile.txt.
2021-01-05 17:01:03 INFO  edu.pitt.dbmi.causal.cmd.data.DataFiles:114 - Finished reading in file varfile.txt.
2021-01-05 17:01:03 INFO  edu.pitt.dbmi.causal.cmd.data.DataFiles:114 - Start reading in file IST_corrected_processed.csv.
2021-01-05 17:01:03 INFO  edu.pitt.dbmi.causal.cmd.data.DataFiles:114 - Finished reading in file IST_corrected_processed.csv.
2021-01-05 17:01:03 INFO  edu.pitt.dbmi.causal.cmd.data.DataFiles:114 - File IST_corrected_processed.csv contains 13733 cases, 27 variables.
